


ARM Macro Assembler    Page 1 


    1 00000000         ;/*-----------------------------------------------------
                       ----------------------------------------------------*/
    2 00000000         ;/*                                                     
                                                                           */
    3 00000000         ;/* Copyright(c) 2009 Nuvoton Technology Corp. All right
                       s reserved.                                         */
    4 00000000         ;/*                                                     
                                                                           */
    5 00000000         ;/*-----------------------------------------------------
                       ----------------------------------------------------*/
    6 00000000         
    7 00000000 00000400 
                       Stack_Size
                               EQU              0x00000400
    8 00000000         
    9 00000000                 AREA             STACK, NOINIT, READWRITE, ALIGN
=3
   10 00000000         Stack_Mem
                               SPACE            Stack_Size
   11 00000400         __initial_sp
   12 00000400         
   13 00000400         
   14 00000400         ; <h> Heap Configuration
   15 00000400         ;   <o>  Heap Size (in Bytes) <0x0-0xFFFFFFFF:8>
   16 00000400         ; </h>
   17 00000400         
   18 00000400 00000000 
                       Heap_Size
                               EQU              0x00000000
   19 00000400         
   20 00000400                 AREA             HEAP, NOINIT, READWRITE, ALIGN=
3
   21 00000000         __heap_base
   22 00000000         Heap_Mem
                               SPACE            Heap_Size
   23 00000000         __heap_limit
   24 00000000         
   25 00000000         
   26 00000000                 PRESERVE8
   27 00000000                 THUMB
   28 00000000         
   29 00000000         
   30 00000000         ; Vector Table Mapped to Address 0 at Reset
   31 00000000                 AREA             RESET, DATA, READONLY
   32 00000000                 EXPORT           __Vectors
   33 00000000         
   34 00000000 00000000 
                       __Vectors
                               DCD              __initial_sp ; Top of Stack
   35 00000004 00000000        DCD              Reset_Handler ; Reset Handler
   36 00000008 00000000        DCD              NMI_Handler ; NMI Handler
   37 0000000C 00000000        DCD              HardFault_Handler ; Hard Fault 
                                                            Handler
   38 00000010 00000000        DCD              0           ; Reserved
   39 00000014 00000000        DCD              0           ; Reserved
   40 00000018 00000000        DCD              0           ; Reserved
   41 0000001C 00000000        DCD              0           ; Reserved
   42 00000020 00000000        DCD              0           ; Reserved
   43 00000024 00000000        DCD              0           ; Reserved



ARM Macro Assembler    Page 2 


   44 00000028 00000000        DCD              0           ; Reserved
   45 0000002C 00000000        DCD              SVC_Handler ; SVCall Handler
   46 00000030 00000000        DCD              0           ; Reserved
   47 00000034 00000000        DCD              0           ; Reserved
   48 00000038 00000000        DCD              PendSV_Handler ; PendSV Handler
                                                            
   49 0000003C 00000000        DCD              SysTick_Handler 
                                                            ; SysTick Handler
   50 00000040         
   51 00000040         ; External Interrupts
   52 00000040         ; maximum of 32 External Interrupts are possible
   53 00000040 00000000        DCD              BOD_IRQHandler
   54 00000044 00000000        DCD              WDT_IRQHandler
   55 00000048 00000000        DCD              EINT0_IRQHandler
   56 0000004C 00000000        DCD              EINT1_IRQHandler
   57 00000050 00000000        DCD              GPIOP0P1_IRQHandler
   58 00000054 00000000        DCD              GPIOP2P3P4_IRQHandler
   59 00000058 00000000        DCD              PWMA_IRQHandler
   60 0000005C 00000000        DCD              PWMB_IRQHandler
   61 00000060 00000000        DCD              TMR0_IRQHandler
   62 00000064 00000000        DCD              TMR1_IRQHandler
   63 00000068 00000000        DCD              TMR2_IRQHandler
   64 0000006C 00000000        DCD              TMR3_IRQHandler
   65 00000070 00000000        DCD              UART0_IRQHandler
   66 00000074 00000000        DCD              UART1_IRQHandler
   67 00000078 00000000        DCD              SPI0_IRQHandler
   68 0000007C 00000000        DCD              SPI1_IRQHandler
   69 00000080 00000000        DCD              Default_Handler
   70 00000084 00000000        DCD              Default_Handler
   71 00000088 00000000        DCD              I2C_IRQHandler
   72 0000008C 00000000        DCD              Default_Handler
   73 00000090 00000000        DCD              Default_Handler
   74 00000094 00000000        DCD              Default_Handler
   75 00000098 00000000        DCD              Default_Handler
   76 0000009C 00000000        DCD              Default_Handler
   77 000000A0 00000000        DCD              Default_Handler
   78 000000A4 00000000        DCD              Default_Handler
   79 000000A8 00000000        DCD              Default_Handler
   80 000000AC 00000000        DCD              Default_Handler
   81 000000B0 00000000        DCD              PWRWU_IRQHandler
   82 000000B4 00000000        DCD              ADC_IRQHandler
   83 000000B8 00000000        DCD              Default_Handler
   84 000000BC 00000000        DCD              Default_Handler
   85 000000C0         
   86 000000C0         
   87 000000C0         
   88 000000C0                 AREA             |.text|, CODE, READONLY
   89 00000000         
   90 00000000         
   91 00000000         ; Reset Handler 
   92 00000000         
   93 00000000         ;ENTRY
   94 00000000         
   95 00000000         Reset_Handler
                               PROC
   96 00000000                 EXPORT           Reset_Handler             [WEAK
]
   97 00000000                 IMPORT           __main
   98 00000000         



ARM Macro Assembler    Page 3 


   99 00000000 4806            LDR              R0, =__main
  100 00000002 4700            BX               R0
  101 00000004                 ENDP
  102 00000004         
  103 00000004         
  104 00000004         ; Dummy Exception Handlers (infinite loops which can be 
                       modified)                
  105 00000004         
  106 00000004         NMI_Handler
                               PROC
  107 00000004                 EXPORT           NMI_Handler               [WEAK
]
  108 00000004 E7FE            B                .
  109 00000006                 ENDP
  111 00000006         HardFault_Handler
                               PROC
  112 00000006                 EXPORT           HardFault_Handler         [WEAK
]
  113 00000006 E7FE            B                .
  114 00000008                 ENDP
  115 00000008         SVC_Handler
                               PROC
  116 00000008                 EXPORT           SVC_Handler               [WEAK
]
  117 00000008 E7FE            B                .
  118 0000000A                 ENDP
  119 0000000A         PendSV_Handler
                               PROC
  120 0000000A                 EXPORT           PendSV_Handler            [WEAK
]
  121 0000000A E7FE            B                .
  122 0000000C                 ENDP
  123 0000000C         SysTick_Handler
                               PROC
  124 0000000C                 EXPORT           SysTick_Handler           [WEAK
]
  125 0000000C E7FE            B                .
  126 0000000E                 ENDP
  127 0000000E         
  128 0000000E         Default_Handler
                               PROC
  129 0000000E         
  130 0000000E                 EXPORT           BOD_IRQHandler            [WEAK
]
  131 0000000E                 EXPORT           WDT_IRQHandler            [WEAK
]
  132 0000000E                 EXPORT           EINT0_IRQHandler          [WEAK
]
  133 0000000E                 EXPORT           EINT1_IRQHandler          [WEAK
]
  134 0000000E                 EXPORT           GPIOP0P1_IRQHandler       [WEAK
]
  135 0000000E                 EXPORT           GPIOP2P3P4_IRQHandler     [WEAK
]
  136 0000000E                 EXPORT           PWMA_IRQHandler           [WEAK
]
  137 0000000E                 EXPORT           PWMB_IRQHandler           [WEAK
]
  138 0000000E                 EXPORT           TMR0_IRQHandler           [WEAK



ARM Macro Assembler    Page 4 


]
  139 0000000E                 EXPORT           TMR1_IRQHandler           [WEAK
]
  140 0000000E                 EXPORT           TMR2_IRQHandler           [WEAK
]
  141 0000000E                 EXPORT           TMR3_IRQHandler           [WEAK
]
  142 0000000E                 EXPORT           UART0_IRQHandler          [WEAK
]
  143 0000000E                 EXPORT           UART1_IRQHandler          [WEAK
]
  144 0000000E                 EXPORT           SPI0_IRQHandler           [WEAK
]
  145 0000000E                 EXPORT           SPI1_IRQHandler           [WEAK
]
  146 0000000E                 EXPORT           I2C_IRQHandler            [WEAK
]
  147 0000000E                 EXPORT           PWRWU_IRQHandler          [WEAK
]
  148 0000000E                 EXPORT           ADC_IRQHandler            [WEAK
]
  149 0000000E         
  150 0000000E         BOD_IRQHandler
  151 0000000E         WDT_IRQHandler
  152 0000000E         EINT0_IRQHandler
  153 0000000E         EINT1_IRQHandler
  154 0000000E         GPIOP0P1_IRQHandler
  155 0000000E         GPIOP2P3P4_IRQHandler
  156 0000000E         PWMA_IRQHandler
  157 0000000E         PWMB_IRQHandler
  158 0000000E         TMR0_IRQHandler
  159 0000000E         TMR1_IRQHandler
  160 0000000E         TMR2_IRQHandler
  161 0000000E         TMR3_IRQHandler
  162 0000000E         UART0_IRQHandler
  163 0000000E         UART1_IRQHandler
  164 0000000E         SPI0_IRQHandler
  165 0000000E         SPI1_IRQHandler
  166 0000000E         I2C_IRQHandler
  167 0000000E         PWRWU_IRQHandler
  168 0000000E         ADC_IRQHandler
  169 0000000E E7FE            B                .
  170 00000010                 ENDP
  171 00000010         
  172 00000010         
  173 00000010                 ALIGN
  174 00000010         
  175 00000010         
  176 00000010         ; User Initial Stack & Heap
  177 00000010         
  178 00000010                 IF               :DEF:__MICROLIB
  185 00000010         
  186 00000010                 IMPORT           __use_two_region_memory
  187 00000010                 EXPORT           __user_initial_stackheap
  188 00000010         __user_initial_stackheap
  189 00000010         
  190 00000010 4803            LDR              R0, =  Heap_Mem
  191 00000012 4904            LDR              R1, = (Stack_Mem + Stack_Size)
  192 00000014 4A02            LDR              R2, = (Heap_Mem +  Heap_Size)



ARM Macro Assembler    Page 5 


  193 00000016 4B04            LDR              R3, = Stack_Mem
  194 00000018 4770            BX               LR
  195 0000001A         
  196 0000001A 00 00           ALIGN
  197 0000001C         
  198 0000001C                 ENDIF
  199 0000001C         
  200 0000001C         
  201 0000001C                 END
              00000000 
              00000000 
              00000400 
              00000000 
Command Line: --debug --xref --cpu=Cortex-M0 --apcs=interwork --depend=.\output
\startup_M051.d -o.\output\startup_M051.o -ID:\Keil_v4\ARM\RV31\INC -ID:\Keil_v
4\ARM\CMSIS\Include -ID:\Keil_v4\ARM\Inc\Nuvoton\M051Series --list=.\startup_M0
51.lst ..\Common\startup_M051.s



ARM Macro Assembler    Page 1 Alphabetic symbol ordering
Relocatable symbols

STACK 00000000

Symbol: STACK
   Definitions
      At line 9 in file ..\Common\startup_M051.s
   Uses
      None
Comment: STACK unused
Stack_Mem 00000000

Symbol: Stack_Mem
   Definitions
      At line 10 in file ..\Common\startup_M051.s
   Uses
      At line 191 in file ..\Common\startup_M051.s
      At line 193 in file ..\Common\startup_M051.s

__initial_sp 00000400

Symbol: __initial_sp
   Definitions
      At line 11 in file ..\Common\startup_M051.s
   Uses
      At line 34 in file ..\Common\startup_M051.s
Comment: __initial_sp used once
3 symbols



ARM Macro Assembler    Page 1 Alphabetic symbol ordering
Relocatable symbols

HEAP 00000000

Symbol: HEAP
   Definitions
      At line 20 in file ..\Common\startup_M051.s
   Uses
      None
Comment: HEAP unused
Heap_Mem 00000000

Symbol: Heap_Mem
   Definitions
      At line 22 in file ..\Common\startup_M051.s
   Uses
      At line 190 in file ..\Common\startup_M051.s
      At line 192 in file ..\Common\startup_M051.s

__heap_base 00000000

Symbol: __heap_base
   Definitions
      At line 21 in file ..\Common\startup_M051.s
   Uses
      None
Comment: __heap_base unused
__heap_limit 00000000

Symbol: __heap_limit
   Definitions
      At line 23 in file ..\Common\startup_M051.s
   Uses
      None
Comment: __heap_limit unused
4 symbols



ARM Macro Assembler    Page 1 Alphabetic symbol ordering
Relocatable symbols

RESET 00000000

Symbol: RESET
   Definitions
      At line 31 in file ..\Common\startup_M051.s
   Uses
      None
Comment: RESET unused
__Vectors 00000000

Symbol: __Vectors
   Definitions
      At line 34 in file ..\Common\startup_M051.s
   Uses
      At line 32 in file ..\Common\startup_M051.s
Comment: __Vectors used once
2 symbols



ARM Macro Assembler    Page 1 Alphabetic symbol ordering
Relocatable symbols

.text 00000000

Symbol: .text
   Definitions
      At line 88 in file ..\Common\startup_M051.s
   Uses
      None
Comment: .text unused
ADC_IRQHandler 0000000E

Symbol: ADC_IRQHandler
   Definitions
      At line 168 in file ..\Common\startup_M051.s
   Uses
      At line 82 in file ..\Common\startup_M051.s
      At line 148 in file ..\Common\startup_M051.s

BOD_IRQHandler 0000000E

Symbol: BOD_IRQHandler
   Definitions
      At line 150 in file ..\Common\startup_M051.s
   Uses
      At line 53 in file ..\Common\startup_M051.s
      At line 130 in file ..\Common\startup_M051.s

Default_Handler 0000000E

Symbol: Default_Handler
   Definitions
      At line 128 in file ..\Common\startup_M051.s
   Uses
      At line 69 in file ..\Common\startup_M051.s
      At line 70 in file ..\Common\startup_M051.s
      At line 72 in file ..\Common\startup_M051.s
      At line 73 in file ..\Common\startup_M051.s
      At line 74 in file ..\Common\startup_M051.s
      At line 75 in file ..\Common\startup_M051.s
      At line 76 in file ..\Common\startup_M051.s
      At line 77 in file ..\Common\startup_M051.s
      At line 78 in file ..\Common\startup_M051.s
      At line 79 in file ..\Common\startup_M051.s
      At line 80 in file ..\Common\startup_M051.s
      At line 83 in file ..\Common\startup_M051.s
      At line 84 in file ..\Common\startup_M051.s

EINT0_IRQHandler 0000000E

Symbol: EINT0_IRQHandler
   Definitions
      At line 152 in file ..\Common\startup_M051.s
   Uses
      At line 55 in file ..\Common\startup_M051.s
      At line 132 in file ..\Common\startup_M051.s

EINT1_IRQHandler 0000000E

Symbol: EINT1_IRQHandler
   Definitions



ARM Macro Assembler    Page 2 Alphabetic symbol ordering
Relocatable symbols

      At line 153 in file ..\Common\startup_M051.s
   Uses
      At line 56 in file ..\Common\startup_M051.s
      At line 133 in file ..\Common\startup_M051.s

GPIOP0P1_IRQHandler 0000000E

Symbol: GPIOP0P1_IRQHandler
   Definitions
      At line 154 in file ..\Common\startup_M051.s
   Uses
      At line 57 in file ..\Common\startup_M051.s
      At line 134 in file ..\Common\startup_M051.s

GPIOP2P3P4_IRQHandler 0000000E

Symbol: GPIOP2P3P4_IRQHandler
   Definitions
      At line 155 in file ..\Common\startup_M051.s
   Uses
      At line 58 in file ..\Common\startup_M051.s
      At line 135 in file ..\Common\startup_M051.s

HardFault_Handler 00000006

Symbol: HardFault_Handler
   Definitions
      At line 111 in file ..\Common\startup_M051.s
   Uses
      At line 37 in file ..\Common\startup_M051.s
      At line 112 in file ..\Common\startup_M051.s

I2C_IRQHandler 0000000E

Symbol: I2C_IRQHandler
   Definitions
      At line 166 in file ..\Common\startup_M051.s
   Uses
      At line 71 in file ..\Common\startup_M051.s
      At line 146 in file ..\Common\startup_M051.s

NMI_Handler 00000004

Symbol: NMI_Handler
   Definitions
      At line 106 in file ..\Common\startup_M051.s
   Uses
      At line 36 in file ..\Common\startup_M051.s
      At line 107 in file ..\Common\startup_M051.s

PWMA_IRQHandler 0000000E

Symbol: PWMA_IRQHandler
   Definitions
      At line 156 in file ..\Common\startup_M051.s
   Uses
      At line 59 in file ..\Common\startup_M051.s
      At line 136 in file ..\Common\startup_M051.s




ARM Macro Assembler    Page 3 Alphabetic symbol ordering
Relocatable symbols

PWMB_IRQHandler 0000000E

Symbol: PWMB_IRQHandler
   Definitions
      At line 157 in file ..\Common\startup_M051.s
   Uses
      At line 60 in file ..\Common\startup_M051.s
      At line 137 in file ..\Common\startup_M051.s

PWRWU_IRQHandler 0000000E

Symbol: PWRWU_IRQHandler
   Definitions
      At line 167 in file ..\Common\startup_M051.s
   Uses
      At line 81 in file ..\Common\startup_M051.s
      At line 147 in file ..\Common\startup_M051.s

PendSV_Handler 0000000A

Symbol: PendSV_Handler
   Definitions
      At line 119 in file ..\Common\startup_M051.s
   Uses
      At line 48 in file ..\Common\startup_M051.s
      At line 120 in file ..\Common\startup_M051.s

Reset_Handler 00000000

Symbol: Reset_Handler
   Definitions
      At line 95 in file ..\Common\startup_M051.s
   Uses
      At line 35 in file ..\Common\startup_M051.s
      At line 96 in file ..\Common\startup_M051.s

SPI0_IRQHandler 0000000E

Symbol: SPI0_IRQHandler
   Definitions
      At line 164 in file ..\Common\startup_M051.s
   Uses
      At line 67 in file ..\Common\startup_M051.s
      At line 144 in file ..\Common\startup_M051.s

SPI1_IRQHandler 0000000E

Symbol: SPI1_IRQHandler
   Definitions
      At line 165 in file ..\Common\startup_M051.s
   Uses
      At line 68 in file ..\Common\startup_M051.s
      At line 145 in file ..\Common\startup_M051.s

SVC_Handler 00000008

Symbol: SVC_Handler
   Definitions
      At line 115 in file ..\Common\startup_M051.s



ARM Macro Assembler    Page 4 Alphabetic symbol ordering
Relocatable symbols

   Uses
      At line 45 in file ..\Common\startup_M051.s
      At line 116 in file ..\Common\startup_M051.s

SysTick_Handler 0000000C

Symbol: SysTick_Handler
   Definitions
      At line 123 in file ..\Common\startup_M051.s
   Uses
      At line 49 in file ..\Common\startup_M051.s
      At line 124 in file ..\Common\startup_M051.s

TMR0_IRQHandler 0000000E

Symbol: TMR0_IRQHandler
   Definitions
      At line 158 in file ..\Common\startup_M051.s
   Uses
      At line 61 in file ..\Common\startup_M051.s
      At line 138 in file ..\Common\startup_M051.s

TMR1_IRQHandler 0000000E

Symbol: TMR1_IRQHandler
   Definitions
      At line 159 in file ..\Common\startup_M051.s
   Uses
      At line 62 in file ..\Common\startup_M051.s
      At line 139 in file ..\Common\startup_M051.s

TMR2_IRQHandler 0000000E

Symbol: TMR2_IRQHandler
   Definitions
      At line 160 in file ..\Common\startup_M051.s
   Uses
      At line 63 in file ..\Common\startup_M051.s
      At line 140 in file ..\Common\startup_M051.s

TMR3_IRQHandler 0000000E

Symbol: TMR3_IRQHandler
   Definitions
      At line 161 in file ..\Common\startup_M051.s
   Uses
      At line 64 in file ..\Common\startup_M051.s
      At line 141 in file ..\Common\startup_M051.s

UART0_IRQHandler 0000000E

Symbol: UART0_IRQHandler
   Definitions
      At line 162 in file ..\Common\startup_M051.s
   Uses
      At line 65 in file ..\Common\startup_M051.s
      At line 142 in file ..\Common\startup_M051.s

UART1_IRQHandler 0000000E



ARM Macro Assembler    Page 5 Alphabetic symbol ordering
Relocatable symbols


Symbol: UART1_IRQHandler
   Definitions
      At line 163 in file ..\Common\startup_M051.s
   Uses
      At line 66 in file ..\Common\startup_M051.s
      At line 143 in file ..\Common\startup_M051.s

WDT_IRQHandler 0000000E

Symbol: WDT_IRQHandler
   Definitions
      At line 151 in file ..\Common\startup_M051.s
   Uses
      At line 54 in file ..\Common\startup_M051.s
      At line 131 in file ..\Common\startup_M051.s

__user_initial_stackheap 00000010

Symbol: __user_initial_stackheap
   Definitions
      At line 188 in file ..\Common\startup_M051.s
   Uses
      At line 187 in file ..\Common\startup_M051.s
Comment: __user_initial_stackheap used once
28 symbols



ARM Macro Assembler    Page 1 Alphabetic symbol ordering
Absolute symbols

Heap_Size 00000000

Symbol: Heap_Size
   Definitions
      At line 18 in file ..\Common\startup_M051.s
   Uses
      At line 22 in file ..\Common\startup_M051.s
      At line 192 in file ..\Common\startup_M051.s

Stack_Size 00000400

Symbol: Stack_Size
   Definitions
      At line 7 in file ..\Common\startup_M051.s
   Uses
      At line 10 in file ..\Common\startup_M051.s
      At line 191 in file ..\Common\startup_M051.s

2 symbols



ARM Macro Assembler    Page 1 Alphabetic symbol ordering
External symbols

__main 00000000

Symbol: __main
   Definitions
      At line 97 in file ..\Common\startup_M051.s
   Uses
      At line 99 in file ..\Common\startup_M051.s
Comment: __main used once
__use_two_region_memory 00000000

Symbol: __use_two_region_memory
   Definitions
      At line 186 in file ..\Common\startup_M051.s
   Uses
      None
Comment: __use_two_region_memory unused
2 symbols
375 symbols in table
