


ARM Macro Assembler    Page 1 


    1 00000000         ;/*-----------------------------------------------------
                       ----------------------------------------------------*/
    2 00000000         ;/*                                                     
                                                                           */
    3 00000000         ;/* Copyright(c) 2009 Nuvoton Technology Corp. All right
                       s reserved.                                         */
    4 00000000         ;/*                                                     
                                                                           */
    5 00000000         ;/*-----------------------------------------------------
                       ----------------------------------------------------*/
    6 00000000         
    7 00000000         ;;;;;;;;;;;;;;;;;;;;;;;;;;;;;;;;;;;;;;;;;;;;;;;;;;;
    8 00000000         
    9 00000000 50000200 
                       CLK_BA_base
                               EQU              0x50000200
   10 00000000 00000000 
                       PWRCON  EQU              0x00
   11 00000000 00000004 
                       AHBCLK  EQU              0x04
   12 00000000 00000008 
                       APBCLK  EQU              0x08
   13 00000000 00000010 
                       CLKSEL0 EQU              0x10
   14 00000000 00000014 
                       CLKSEL1 EQU              0x14
   15 00000000 00000018 
                       CLKDIV  EQU              0x18
   16 00000000 00000020 
                       PLLCON  EQU              0x20
   17 00000000 00000030 
                       TEST_S  EQU              0x30
   18 00000000         
   19 00000000 50000208 
                       CLK_BA_APBCLK
                               EQU              0x50000208
   20 00000000         
   21 00000000         ;// Define clock enable registers  
   22 00000000         
   23 00000000 50000208 
                       ADC_COMP_CLK
                               EQU              0x50000208
   24 00000000 10000000 
                       ADC_enable
                               EQU              0x10000000
   25 00000000 40000000 
                       COMP_enable
                               EQU              0x40000000
   26 00000000         
   27 00000000 50000204 
                       PDMA_CLK
                               EQU              0x50000204
   28 00000000 00000003 
                       PDMA_enable
                               EQU              0x00000003
   29 00000000         
   30 00000000         ;;  bit 0  CPU_EN
   31 00000000         ;; bit 1  PDMA_EN
   32 00000000         



ARM Macro Assembler    Page 2 


   33 00000000         
   34 00000000         
   35 00000000         
   36 00000000         ;// Define COMP registers base
   37 00000000 400D0000 
                       COMP_base
                               EQU              0x400D0000
   38 00000000 00000000 
                       CMP1CR  EQU              0x00
   39 00000000 00000004 
                       CMP2CR  EQU              0x04
   40 00000000 00000008 
                       CMPSR   EQU              0x08
   41 00000000         
   42 00000000         ;// Define ADC registers base
   43 00000000 400E0000 
                       ADC_base
                               EQU              0x400E0000
   44 00000000 00000000 
                       ADDR0   EQU              0x00
   45 00000000 00000004 
                       ADDR1   EQU              0x04
   46 00000000 00000008 
                       ADDR2   EQU              0x08
   47 00000000 0000000C 
                       ADDR3   EQU              0x0c
   48 00000000 00000010 
                       ADDR4   EQU              0x10
   49 00000000 00000014 
                       ADDR5   EQU              0x14
   50 00000000 00000018 
                       ADDR6   EQU              0x18
   51 00000000 0000001C 
                       ADDR7   EQU              0x1c
   52 00000000 00000020 
                       ADCR    EQU              0x20
   53 00000000 00000024 
                       ADCHER  EQU              0x24
   54 00000000 00000028 
                       ADCMPR0 EQU              0x28
   55 00000000 0000002C 
                       ADCMPR1 EQU              0x2c
   56 00000000 00000030 
                       ADSR    EQU              0x30
   57 00000000 00000034 
                       ADCALR  EQU              0x34
   58 00000000 00000038 
                       ADCFCR  EQU              0x38
   59 00000000 0000003C 
                       ADCALD  EQU              0x3c
   60 00000000         
   61 00000000         ;// Pattern Table
   62 00000000 55555555 
                       pattern_55555555
                               EQU              0x55555555
   63 00000000 AAAAAAAA 
                       pattern_aaaaaaaa
                               EQU              0xaaaaaaaa
   64 00000000 00005555 



ARM Macro Assembler    Page 3 


                       pattern_00005555
                               EQU              0x00005555
   65 00000000 0000AAAA 
                       pattern_0000aaaa
                               EQU              0x0000aaaa
   66 00000000 05550515 
                       pattern_05550515
                               EQU              0x05550515
   67 00000000 0AAA0A2A 
                       pattern_0aaa0a2a
                               EQU              0x0aaa0a2a
   68 00000000         
   69 00000000         ;// Define PDMA regsiter base
   70 00000000 50008000 
                       PDMA_BA_ch0_base
                               EQU              0x50008000
   71 00000000 50008100 
                       PDMA_BA_ch1_base
                               EQU              0x50008100
   72 00000000 50008200 
                       PDMA_BA_ch2_base
                               EQU              0x50008200
   73 00000000 50008300 
                       PDMA_BA_ch3_base
                               EQU              0x50008300
   74 00000000 50008400 
                       PDMA_BA_ch4_base
                               EQU              0x50008400
   75 00000000 50008500 
                       PDMA_BA_ch5_base
                               EQU              0x50008500
   76 00000000 50008600 
                       PDMA_BA_ch6_base
                               EQU              0x50008600
   77 00000000 50008700 
                       PDMA_BA_ch7_base
                               EQU              0x50008700
   78 00000000         
   79 00000000 50008F00 
                       PDMA_BA_GCR
                               EQU              0x50008F00
   80 00000000 50008F00 
                       PDMA_BA_GCR_base
                               EQU              0x50008F00
   81 00000000         
   82 00000000 00000000 
                       PDMA_GCRCSR
                               EQU              0X00
   83 00000000 00000004 
                       PDMA_PDSSR2
                               EQU              0X04
   84 00000000 00000008 
                       PDMA_PDSSR1
                               EQU              0X08        ;; PDMA channel sel
                                                            ect   0x77000000
   85 00000000 0000000C 
                       PDMA_GCRISR
                               EQU              0X0C
   86 00000000         



ARM Macro Assembler    Page 4 


   87 00000000 0000FF00 
                       PDMA_GLOBAL_enable
                               EQU              0x0000FF00
   88 00000000         
   89 00000000         
   90 00000000 00000000 
                       PDMA_CSR
                               EQU              0X00
   91 00000000 00000004 
                       PDMA_SAR
                               EQU              0X04
   92 00000000 00000008 
                       PDMA_DAR
                               EQU              0X08
   93 00000000 0000000C 
                       PDMA_BCR
                               EQU              0X0C
   94 00000000 00000014 
                       PDMA_CSAR
                               EQU              0X14
   95 00000000 00000018 
                       PDMA_CDAR
                               EQU              0X18
   96 00000000 0000001C 
                       PDMA_CBSR
                               EQU              0X1C
   97 00000000 00000020 
                       PDMA_IER
                               EQU              0X20
   98 00000000 00000024 
                       PDMA_ISR
                               EQU              0X24
   99 00000000 00000028 
                       PDMA_CTCSR
                               EQU              0X28
  100 00000000 0000002C 
                       PDMA_SASOCR
                               EQU              0X2C
  101 00000000 00000030 
                       PDMA_DASOCR
                               EQU              0X30
  102 00000000 00000080 
                       PDMA_SBUF0
                               EQU              0X80
  103 00000000 00000084 
                       PDMA_SBUF1
                               EQU              0X84
  104 00000000 00000088 
                       PDMA_SBUF2
                               EQU              0X88
  105 00000000 0000008C 
                       PDMA_SBUF3
                               EQU              0X8C
  106 00000000         
  107 00000000         
  108 00000000         ;// Define VIC control register
  109 00000000 FFFF0000 
                       VIC_base
                               EQU              0xFFFF0000



ARM Macro Assembler    Page 5 


  110 00000000 0000003C 
                       VIC_SCR15
                               EQU              0x003c
  111 00000000 000000BC 
                       VIC_SVR15
                               EQU              0x00bc
  112 00000000 00000040 
                       VIC_SCR16
                               EQU              0x0040
  113 00000000 000000C0 
                       VIC_SVR16
                               EQU              0x00c0
  114 00000000 00000078 
                       VIC_SCR30
                               EQU              0x0078
  115 00000000 000000F8 
                       VIC_SVR30
                               EQU              0x00f8
  116 00000000 00000318 
                       VIC_MECR
                               EQU              0x0318
  117 00000000 0000031C 
                       VIC_MDCR
                               EQU              0x031c
  118 00000000 00000130 
                       VIC_EOSCR
                               EQU              0x0130
  119 00000000         
  120 00000000         ;//==================================
  121 00000000 50000300 
                       INT_BA_base
                               EQU              0x50000300
  122 00000000         
  123 00000000         
  124 00000000         ;// Parameter table
  125 00000000 00002980 
                       ADC_PDMA_CFG
                               EQU              0x00002980
  126 00000000 C0000000 
                       ADC_PDMA_DST
                               EQU              0xC0000000
  127 00000000 E0024200 
                       ADC_PDMA_SRC
                               EQU              0xE0024200
  128 00000000 00030008 
                       ADC_PDMA_TCBL
                               EQU              0x00030008
  129 00000000         
  130 00000000         ;//==================================
  131 00000000         
  132 00000000         
  133 00000000 50004000 
                       GPIO_base
                               EQU              0x50004000
  134 00000000 00000040 
                       GPIOB_PMD
                               EQU              0x0040
  135 00000000 00000044 
                       GPIOB_OFFD



ARM Macro Assembler    Page 6 


                               EQU              0x0044
  136 00000000 00000048 
                       GPIOB_DOUT
                               EQU              0x0048
  137 00000000 0000004C 
                       GPIOB_DMASK
                               EQU              0x004C
  138 00000000 00000050 
                       GPIOB_PIN
                               EQU              0x0050
  139 00000000 00000054 
                       GPIOB_DBEN
                               EQU              0x0054
  140 00000000 00000058 
                       GPIOB_IMD
                               EQU              0x0058
  141 00000000 0000005C 
                       GPIOB_IEN
                               EQU              0x005C
  142 00000000 00000060 
                       GPIOB_ISRC
                               EQU              0x0060
  143 00000000         
  144 00000000         ;//==================================
  145 00000000         
  146 00000000         
  147 00000000 50000000 
                       GCR_base
                               EQU              0x50000000
  148 00000000 00000034 
                       GPB_MFP EQU              0x0034
  149 00000000         
  150 00000000         
  151 00000000         
  152 00000000         
  153 00000000         
  154 00000000         ;;;;;;;;;;;;;;;;;;;;;;;;;;;;;;;;;;;;;;;;;;;;;;;;;;;
  155 00000000         
  156 00000000         
  157 00000000         
  158 00000000         
  159 00000000         
  160 00000000         
  161 00000000         
  162 00000000 00000400 
                       Stack_Size
                               EQU              0x00000400
  163 00000000         
  164 00000000                 AREA             STACK, NOINIT, READWRITE, ALIGN
=3
  165 00000000         Stack_Mem
                               SPACE            Stack_Size
  166 00000400         __initial_sp
  167 00000400         
  168 00000400         
  169 00000400         ; <h> Heap Configuration
  170 00000400         ;   <o>  Heap Size (in Bytes) <0x0-0xFFFFFFFF:8>
  171 00000400         ; </h>
  172 00000400         



ARM Macro Assembler    Page 7 


  173 00000400 00000000 
                       Heap_Size
                               EQU              0x00000000
  174 00000400         
  175 00000400                 AREA             HEAP, NOINIT, READWRITE, ALIGN=
3
  176 00000000         __heap_base
  177 00000000         Heap_Mem
                               SPACE            Heap_Size
  178 00000000         __heap_limit
  179 00000000         
  180 00000000         
  181 00000000                 PRESERVE8
  182 00000000                 THUMB
  183 00000000         
  184 00000000         
  185 00000000         ; Vector Table Mapped to Address 0 at Reset
  186 00000000                 AREA             RESET, DATA, READONLY
  187 00000000                 EXPORT           __Vectors
  188 00000000         
  189 00000000 00000000 
                       __Vectors
                               DCD              __initial_sp ; Top of Stack
  190 00000004 00000000        DCD              Reset_Handler ; Reset Handler
  191 00000008 00000000        DCD              NMI_Handler ; NMI Handler
  192 0000000C 00000000        DCD              HardFault_Handler ; Hard Fault 
                                                            Handler
  193 00000010 00000000        DCD              0           ; Reserved
  194 00000014 00000000        DCD              0           ; Reserved
  195 00000018 00000000        DCD              0           ; Reserved
  196 0000001C 00000000        DCD              0           ; Reserved
  197 00000020 00000000        DCD              0           ; Reserved
  198 00000024 00000000        DCD              0           ; Reserved
  199 00000028 00000000        DCD              0           ; Reserved
  200 0000002C 00000000        DCD              SVC_Handler ; SVCall Handler
  201 00000030 00000000        DCD              0           ; Reserved
  202 00000034 00000000        DCD              0           ; Reserved
  203 00000038 00000000        DCD              PendSV_Handler ; PendSV Handler
                                                            
  204 0000003C 00000000        DCD              SysTick_Handler 
                                                            ; SysTick Handler
  205 00000040         
  206 00000040         ; External Interrupts
  207 00000040         ; maximum of 32 External Interrupts are possible
  208 00000040 00000000        DCD              BOD_IRQHandler
  209 00000044 00000000        DCD              WDT_IRQHandler
  210 00000048 00000000        DCD              EINT0_IRQHandler
  211 0000004C 00000000        DCD              EINT1_IRQHandler
  212 00000050 00000000        DCD              GPAB_IRQHandler
  213 00000054 00000000        DCD              GPCDE_IRQHandler
  214 00000058 00000000        DCD              PWMA_IRQHandler
  215 0000005C 00000000        DCD              PWMB_IRQHandler
  216 00000060 00000000        DCD              TMR0_IRQHandler
  217 00000064 00000000        DCD              TMR1_IRQHandler
  218 00000068 00000000        DCD              TMR2_IRQHandler
  219 0000006C 00000000        DCD              TMR3_IRQHandler
  220 00000070 00000000        DCD              UART0_IRQHandler
  221 00000074 00000000        DCD              UART1_IRQHandler
  222 00000078 00000000        DCD              SPI0_IRQHandler



ARM Macro Assembler    Page 8 


  223 0000007C 00000000        DCD              SPI1_IRQHandler
  224 00000080 00000000        DCD              SPI2_IRQHandler
  225 00000084 00000000        DCD              SPI3_IRQHandler
  226 00000088 00000000        DCD              I2C0_IRQHandler
  227 0000008C 00000000        DCD              I2C1_IRQHandler
  228 00000090 00000000        DCD              CAN0_IRQHandler
  229 00000094 00000000        DCD              CAN1_IRQHandler
  230 00000098 00000000        DCD              Default_Handler
  231 0000009C 00000000        DCD              USBD_IRQHandler
  232 000000A0 00000000        DCD              PS2_IRQHandler
  233 000000A4 00000000        DCD              ACMP_IRQHandler
  234 000000A8 00000000        DCD              PDMA_IRQHandler
  235 000000AC 00000000        DCD              Default_Handler
  236 000000B0 00000000        DCD              PWRWU_IRQHandler
  237 000000B4 00000000        DCD              ADC_IRQHandler
  238 000000B8 00000000        DCD              Default_Handler
  239 000000BC 00000000        DCD              RTC_IRQHandler
  240 000000C0         
  241 000000C0         
  242 000000C0         
  243 000000C0         
  244 000000C0         
  245 000000C0         
  246 000000C0         
  247 000000C0                 AREA             |.text|, CODE, READONLY
  248 00000000         
  249 00000000         
  250 00000000         
  251 00000000         ; Reset Handler 
  252 00000000         
  253 00000000                 ENTRY
  254 00000000         
  255 00000000         Reset_Handler
                               PROC
  256 00000000                 EXPORT           Reset_Handler             [WEAK
]
  257 00000000                 IMPORT           __main
  258 00000000         
  259 00000000 4806            LDR              R0, =__main
  260 00000002 4700            BX               R0
  261 00000004                 ENDP
  262 00000004         
  263 00000004         
  264 00000004         ; Dummy Exception Handlers (infinite loops which can be 
                       modified)                
  265 00000004         
  266 00000004         NMI_Handler
                               PROC
  267 00000004                 EXPORT           NMI_Handler               [WEAK
]
  268 00000004 E7FE            B                .
  269 00000006                 ENDP
  271 00000006         HardFault_Handler
                               PROC
  272 00000006                 EXPORT           HardFault_Handler         [WEAK
]
  273 00000006 E7FE            B                .
  274 00000008                 ENDP
  275 00000008         SVC_Handler



ARM Macro Assembler    Page 9 


                               PROC
  276 00000008                 EXPORT           SVC_Handler               [WEAK
]
  277 00000008 E7FE            B                .
  278 0000000A                 ENDP
  279 0000000A         PendSV_Handler
                               PROC
  280 0000000A                 EXPORT           PendSV_Handler            [WEAK
]
  281 0000000A E7FE            B                .
  282 0000000C                 ENDP
  283 0000000C         SysTick_Handler
                               PROC
  284 0000000C                 EXPORT           SysTick_Handler           [WEAK
]
  285 0000000C E7FE            B                .
  286 0000000E                 ENDP
  287 0000000E         
  288 0000000E         Default_Handler
                               PROC
  289 0000000E         
  290 0000000E                 EXPORT           BOD_IRQHandler            [WEAK
]
  291 0000000E                 EXPORT           WDT_IRQHandler            [WEAK
]
  292 0000000E                 EXPORT           EINT0_IRQHandler          [WEAK
]
  293 0000000E                 EXPORT           EINT1_IRQHandler          [WEAK
]
  294 0000000E                 EXPORT           GPAB_IRQHandler           [WEAK
]
  295 0000000E                 EXPORT           GPCDE_IRQHandler          [WEAK
]
  296 0000000E                 EXPORT           PWMA_IRQHandler           [WEAK
]
  297 0000000E                 EXPORT           PWMB_IRQHandler           [WEAK
]
  298 0000000E                 EXPORT           TMR0_IRQHandler           [WEAK
]
  299 0000000E                 EXPORT           TMR1_IRQHandler           [WEAK
]
  300 0000000E                 EXPORT           TMR2_IRQHandler           [WEAK
]
  301 0000000E                 EXPORT           TMR3_IRQHandler           [WEAK
]
  302 0000000E                 EXPORT           UART0_IRQHandler          [WEAK
]
  303 0000000E                 EXPORT           UART1_IRQHandler          [WEAK
]
  304 0000000E                 EXPORT           SPI0_IRQHandler           [WEAK
]
  305 0000000E                 EXPORT           SPI1_IRQHandler           [WEAK
]
  306 0000000E                 EXPORT           SPI2_IRQHandler           [WEAK
]
  307 0000000E                 EXPORT           SPI3_IRQHandler           [WEAK
]
  308 0000000E                 EXPORT           I2C0_IRQHandler           [WEAK
]



ARM Macro Assembler    Page 10 


  309 0000000E                 EXPORT           I2C1_IRQHandler           [WEAK
]
  310 0000000E                 EXPORT           CAN0_IRQHandler           [WEAK
]
  311 0000000E                 EXPORT           CAN1_IRQHandler           [WEAK
]
  312 0000000E                 EXPORT           USBD_IRQHandler           [WEAK
]
  313 0000000E                 EXPORT           PS2_IRQHandler            [WEAK
]
  314 0000000E                 EXPORT           ACMP_IRQHandler           [WEAK
]
  315 0000000E                 EXPORT           PDMA_IRQHandler           [WEAK
]
  316 0000000E                 EXPORT           PWRWU_IRQHandler          [WEAK
]
  317 0000000E                 EXPORT           ADC_IRQHandler            [WEAK
]
  318 0000000E                 EXPORT           RTC_IRQHandler            [WEAK
]
  319 0000000E         
  320 0000000E         BOD_IRQHandler
  321 0000000E         WDT_IRQHandler
  322 0000000E         EINT0_IRQHandler
  323 0000000E         EINT1_IRQHandler
  324 0000000E         GPAB_IRQHandler
  325 0000000E         GPCDE_IRQHandler
  326 0000000E         PWMA_IRQHandler
  327 0000000E         PWMB_IRQHandler
  328 0000000E         TMR0_IRQHandler
  329 0000000E         TMR1_IRQHandler
  330 0000000E         TMR2_IRQHandler
  331 0000000E         TMR3_IRQHandler
  332 0000000E         UART0_IRQHandler
  333 0000000E         UART1_IRQHandler
  334 0000000E         SPI0_IRQHandler
  335 0000000E         SPI1_IRQHandler
  336 0000000E         SPI2_IRQHandler
  337 0000000E         SPI3_IRQHandler
  338 0000000E         I2C0_IRQHandler
  339 0000000E         I2C1_IRQHandler
  340 0000000E         CAN0_IRQHandler
  341 0000000E         CAN1_IRQHandler
  342 0000000E         USBD_IRQHandler
  343 0000000E         PS2_IRQHandler
  344 0000000E         ACMP_IRQHandler
  345 0000000E         PDMA_IRQHandler
  346 0000000E         PWRWU_IRQHandler
  347 0000000E         ADC_IRQHandler
  348 0000000E         RTC_IRQHandler
  349 0000000E E7FE            B                .
  350 00000010                 ENDP
  351 00000010         
  352 00000010         
  353 00000010                 ALIGN
  354 00000010         
  355 00000010         
  356 00000010         ; User Initial Stack & Heap
  357 00000010         



ARM Macro Assembler    Page 11 


  358 00000010                 IF               :DEF:__MICROLIB
  365 00000010         
  366 00000010                 IMPORT           __use_two_region_memory
  367 00000010                 EXPORT           __user_initial_stackheap
  368 00000010         __user_initial_stackheap
  369 00000010         
  370 00000010 4803            LDR              R0, =  Heap_Mem
  371 00000012 4904            LDR              R1, = (Stack_Mem + Stack_Size)
  372 00000014 4A02            LDR              R2, = (Heap_Mem +  Heap_Size)
  373 00000016 4B04            LDR              R3, = Stack_Mem
  374 00000018 4770            BX               LR
  375 0000001A         
  376 0000001A 00 00           ALIGN
  377 0000001C         
  378 0000001C                 ENDIF
  379 0000001C         
  380 0000001C         
  381 0000001C                 END
              00000000 
              00000000 
              00000400 
              00000000 
Command Line: --debug --xref --cpu=Cortex-M0 --apcs=interwork --depend=.\output
\startup_M05X.d -o.\output\startup_M05X.o -IC:\Keil\ARM\INC -IC:\Keil\ARM\INC\N
uvoton --predefine="__EVAL SETA 1" --list=startup_M05X.lst startup_M05X.s



ARM Macro Assembler    Page 1 Alphabetic symbol ordering
Relocatable symbols

STACK 00000000

Symbol: STACK
   Definitions
      At line 164 in file startup_M05X.s
   Uses
      None
Comment: STACK unused
Stack_Mem 00000000

Symbol: Stack_Mem
   Definitions
      At line 165 in file startup_M05X.s
   Uses
      At line 371 in file startup_M05X.s
      At line 373 in file startup_M05X.s

__initial_sp 00000400

Symbol: __initial_sp
   Definitions
      At line 166 in file startup_M05X.s
   Uses
      At line 189 in file startup_M05X.s
Comment: __initial_sp used once
3 symbols



ARM Macro Assembler    Page 1 Alphabetic symbol ordering
Relocatable symbols

HEAP 00000000

Symbol: HEAP
   Definitions
      At line 175 in file startup_M05X.s
   Uses
      None
Comment: HEAP unused
Heap_Mem 00000000

Symbol: Heap_Mem
   Definitions
      At line 177 in file startup_M05X.s
   Uses
      At line 370 in file startup_M05X.s
      At line 372 in file startup_M05X.s

__heap_base 00000000

Symbol: __heap_base
   Definitions
      At line 176 in file startup_M05X.s
   Uses
      None
Comment: __heap_base unused
__heap_limit 00000000

Symbol: __heap_limit
   Definitions
      At line 178 in file startup_M05X.s
   Uses
      None
Comment: __heap_limit unused
4 symbols



ARM Macro Assembler    Page 1 Alphabetic symbol ordering
Relocatable symbols

RESET 00000000

Symbol: RESET
   Definitions
      At line 186 in file startup_M05X.s
   Uses
      None
Comment: RESET unused
__Vectors 00000000

Symbol: __Vectors
   Definitions
      At line 189 in file startup_M05X.s
   Uses
      At line 187 in file startup_M05X.s
Comment: __Vectors used once
2 symbols



ARM Macro Assembler    Page 1 Alphabetic symbol ordering
Relocatable symbols

.text 00000000

Symbol: .text
   Definitions
      At line 247 in file startup_M05X.s
   Uses
      None
Comment: .text unused
ACMP_IRQHandler 0000000E

Symbol: ACMP_IRQHandler
   Definitions
      At line 344 in file startup_M05X.s
   Uses
      At line 233 in file startup_M05X.s
      At line 314 in file startup_M05X.s

ADC_IRQHandler 0000000E

Symbol: ADC_IRQHandler
   Definitions
      At line 347 in file startup_M05X.s
   Uses
      At line 237 in file startup_M05X.s
      At line 317 in file startup_M05X.s

BOD_IRQHandler 0000000E

Symbol: BOD_IRQHandler
   Definitions
      At line 320 in file startup_M05X.s
   Uses
      At line 208 in file startup_M05X.s
      At line 290 in file startup_M05X.s

CAN0_IRQHandler 0000000E

Symbol: CAN0_IRQHandler
   Definitions
      At line 340 in file startup_M05X.s
   Uses
      At line 228 in file startup_M05X.s
      At line 310 in file startup_M05X.s

CAN1_IRQHandler 0000000E

Symbol: CAN1_IRQHandler
   Definitions
      At line 341 in file startup_M05X.s
   Uses
      At line 229 in file startup_M05X.s
      At line 311 in file startup_M05X.s

Default_Handler 0000000E

Symbol: Default_Handler
   Definitions
      At line 288 in file startup_M05X.s
   Uses



ARM Macro Assembler    Page 2 Alphabetic symbol ordering
Relocatable symbols

      At line 230 in file startup_M05X.s
      At line 235 in file startup_M05X.s
      At line 238 in file startup_M05X.s

EINT0_IRQHandler 0000000E

Symbol: EINT0_IRQHandler
   Definitions
      At line 322 in file startup_M05X.s
   Uses
      At line 210 in file startup_M05X.s
      At line 292 in file startup_M05X.s

EINT1_IRQHandler 0000000E

Symbol: EINT1_IRQHandler
   Definitions
      At line 323 in file startup_M05X.s
   Uses
      At line 211 in file startup_M05X.s
      At line 293 in file startup_M05X.s

GPAB_IRQHandler 0000000E

Symbol: GPAB_IRQHandler
   Definitions
      At line 324 in file startup_M05X.s
   Uses
      At line 212 in file startup_M05X.s
      At line 294 in file startup_M05X.s

GPCDE_IRQHandler 0000000E

Symbol: GPCDE_IRQHandler
   Definitions
      At line 325 in file startup_M05X.s
   Uses
      At line 213 in file startup_M05X.s
      At line 295 in file startup_M05X.s

HardFault_Handler 00000006

Symbol: HardFault_Handler
   Definitions
      At line 271 in file startup_M05X.s
   Uses
      At line 192 in file startup_M05X.s
      At line 272 in file startup_M05X.s

I2C0_IRQHandler 0000000E

Symbol: I2C0_IRQHandler
   Definitions
      At line 338 in file startup_M05X.s
   Uses
      At line 226 in file startup_M05X.s
      At line 308 in file startup_M05X.s

I2C1_IRQHandler 0000000E



ARM Macro Assembler    Page 3 Alphabetic symbol ordering
Relocatable symbols


Symbol: I2C1_IRQHandler
   Definitions
      At line 339 in file startup_M05X.s
   Uses
      At line 227 in file startup_M05X.s
      At line 309 in file startup_M05X.s

NMI_Handler 00000004

Symbol: NMI_Handler
   Definitions
      At line 266 in file startup_M05X.s
   Uses
      At line 191 in file startup_M05X.s
      At line 267 in file startup_M05X.s

PDMA_IRQHandler 0000000E

Symbol: PDMA_IRQHandler
   Definitions
      At line 345 in file startup_M05X.s
   Uses
      At line 234 in file startup_M05X.s
      At line 315 in file startup_M05X.s

PS2_IRQHandler 0000000E

Symbol: PS2_IRQHandler
   Definitions
      At line 343 in file startup_M05X.s
   Uses
      At line 232 in file startup_M05X.s
      At line 313 in file startup_M05X.s

PWMA_IRQHandler 0000000E

Symbol: PWMA_IRQHandler
   Definitions
      At line 326 in file startup_M05X.s
   Uses
      At line 214 in file startup_M05X.s
      At line 296 in file startup_M05X.s

PWMB_IRQHandler 0000000E

Symbol: PWMB_IRQHandler
   Definitions
      At line 327 in file startup_M05X.s
   Uses
      At line 215 in file startup_M05X.s
      At line 297 in file startup_M05X.s

PWRWU_IRQHandler 0000000E

Symbol: PWRWU_IRQHandler
   Definitions
      At line 346 in file startup_M05X.s
   Uses



ARM Macro Assembler    Page 4 Alphabetic symbol ordering
Relocatable symbols

      At line 236 in file startup_M05X.s
      At line 316 in file startup_M05X.s

PendSV_Handler 0000000A

Symbol: PendSV_Handler
   Definitions
      At line 279 in file startup_M05X.s
   Uses
      At line 203 in file startup_M05X.s
      At line 280 in file startup_M05X.s

RTC_IRQHandler 0000000E

Symbol: RTC_IRQHandler
   Definitions
      At line 348 in file startup_M05X.s
   Uses
      At line 239 in file startup_M05X.s
      At line 318 in file startup_M05X.s

Reset_Handler 00000000

Symbol: Reset_Handler
   Definitions
      At line 255 in file startup_M05X.s
   Uses
      At line 190 in file startup_M05X.s
      At line 256 in file startup_M05X.s

SPI0_IRQHandler 0000000E

Symbol: SPI0_IRQHandler
   Definitions
      At line 334 in file startup_M05X.s
   Uses
      At line 222 in file startup_M05X.s
      At line 304 in file startup_M05X.s

SPI1_IRQHandler 0000000E

Symbol: SPI1_IRQHandler
   Definitions
      At line 335 in file startup_M05X.s
   Uses
      At line 223 in file startup_M05X.s
      At line 305 in file startup_M05X.s

SPI2_IRQHandler 0000000E

Symbol: SPI2_IRQHandler
   Definitions
      At line 336 in file startup_M05X.s
   Uses
      At line 224 in file startup_M05X.s
      At line 306 in file startup_M05X.s

SPI3_IRQHandler 0000000E




ARM Macro Assembler    Page 5 Alphabetic symbol ordering
Relocatable symbols

Symbol: SPI3_IRQHandler
   Definitions
      At line 337 in file startup_M05X.s
   Uses
      At line 225 in file startup_M05X.s
      At line 307 in file startup_M05X.s

SVC_Handler 00000008

Symbol: SVC_Handler
   Definitions
      At line 275 in file startup_M05X.s
   Uses
      At line 200 in file startup_M05X.s
      At line 276 in file startup_M05X.s

SysTick_Handler 0000000C

Symbol: SysTick_Handler
   Definitions
      At line 283 in file startup_M05X.s
   Uses
      At line 204 in file startup_M05X.s
      At line 284 in file startup_M05X.s

TMR0_IRQHandler 0000000E

Symbol: TMR0_IRQHandler
   Definitions
      At line 328 in file startup_M05X.s
   Uses
      At line 216 in file startup_M05X.s
      At line 298 in file startup_M05X.s

TMR1_IRQHandler 0000000E

Symbol: TMR1_IRQHandler
   Definitions
      At line 329 in file startup_M05X.s
   Uses
      At line 217 in file startup_M05X.s
      At line 299 in file startup_M05X.s

TMR2_IRQHandler 0000000E

Symbol: TMR2_IRQHandler
   Definitions
      At line 330 in file startup_M05X.s
   Uses
      At line 218 in file startup_M05X.s
      At line 300 in file startup_M05X.s

TMR3_IRQHandler 0000000E

Symbol: TMR3_IRQHandler
   Definitions
      At line 331 in file startup_M05X.s
   Uses
      At line 219 in file startup_M05X.s



ARM Macro Assembler    Page 6 Alphabetic symbol ordering
Relocatable symbols

      At line 301 in file startup_M05X.s

UART0_IRQHandler 0000000E

Symbol: UART0_IRQHandler
   Definitions
      At line 332 in file startup_M05X.s
   Uses
      At line 220 in file startup_M05X.s
      At line 302 in file startup_M05X.s

UART1_IRQHandler 0000000E

Symbol: UART1_IRQHandler
   Definitions
      At line 333 in file startup_M05X.s
   Uses
      At line 221 in file startup_M05X.s
      At line 303 in file startup_M05X.s

USBD_IRQHandler 0000000E

Symbol: USBD_IRQHandler
   Definitions
      At line 342 in file startup_M05X.s
   Uses
      At line 231 in file startup_M05X.s
      At line 312 in file startup_M05X.s

WDT_IRQHandler 0000000E

Symbol: WDT_IRQHandler
   Definitions
      At line 321 in file startup_M05X.s
   Uses
      At line 209 in file startup_M05X.s
      At line 291 in file startup_M05X.s

__user_initial_stackheap 00000010

Symbol: __user_initial_stackheap
   Definitions
      At line 368 in file startup_M05X.s
   Uses
      At line 367 in file startup_M05X.s
Comment: __user_initial_stackheap used once
38 symbols



ARM Macro Assembler    Page 1 Alphabetic symbol ordering
Absolute symbols

ADCALD 0000003C

Symbol: ADCALD
   Definitions
      At line 59 in file startup_M05X.s
   Uses
      None
Comment: ADCALD unused
ADCALR 00000034

Symbol: ADCALR
   Definitions
      At line 57 in file startup_M05X.s
   Uses
      None
Comment: ADCALR unused
ADCFCR 00000038

Symbol: ADCFCR
   Definitions
      At line 58 in file startup_M05X.s
   Uses
      None
Comment: ADCFCR unused
ADCHER 00000024

Symbol: ADCHER
   Definitions
      At line 53 in file startup_M05X.s
   Uses
      None
Comment: ADCHER unused
ADCMPR0 00000028

Symbol: ADCMPR0
   Definitions
      At line 54 in file startup_M05X.s
   Uses
      None
Comment: ADCMPR0 unused
ADCMPR1 0000002C

Symbol: ADCMPR1
   Definitions
      At line 55 in file startup_M05X.s
   Uses
      None
Comment: ADCMPR1 unused
ADCR 00000020

Symbol: ADCR
   Definitions
      At line 52 in file startup_M05X.s
   Uses
      None
Comment: ADCR unused
ADC_COMP_CLK 50000208

Symbol: ADC_COMP_CLK



ARM Macro Assembler    Page 2 Alphabetic symbol ordering
Absolute symbols

   Definitions
      At line 23 in file startup_M05X.s
   Uses
      None
Comment: ADC_COMP_CLK unused
ADC_PDMA_CFG 00002980

Symbol: ADC_PDMA_CFG
   Definitions
      At line 125 in file startup_M05X.s
   Uses
      None
Comment: ADC_PDMA_CFG unused
ADC_PDMA_DST C0000000

Symbol: ADC_PDMA_DST
   Definitions
      At line 126 in file startup_M05X.s
   Uses
      None
Comment: ADC_PDMA_DST unused
ADC_PDMA_SRC E0024200

Symbol: ADC_PDMA_SRC
   Definitions
      At line 127 in file startup_M05X.s
   Uses
      None
Comment: ADC_PDMA_SRC unused
ADC_PDMA_TCBL 00030008

Symbol: ADC_PDMA_TCBL
   Definitions
      At line 128 in file startup_M05X.s
   Uses
      None
Comment: ADC_PDMA_TCBL unused
ADC_base 400E0000

Symbol: ADC_base
   Definitions
      At line 43 in file startup_M05X.s
   Uses
      None
Comment: ADC_base unused
ADC_enable 10000000

Symbol: ADC_enable
   Definitions
      At line 24 in file startup_M05X.s
   Uses
      None
Comment: ADC_enable unused
ADDR0 00000000

Symbol: ADDR0
   Definitions
      At line 44 in file startup_M05X.s
   Uses



ARM Macro Assembler    Page 3 Alphabetic symbol ordering
Absolute symbols

      None
Comment: ADDR0 unused
ADDR1 00000004

Symbol: ADDR1
   Definitions
      At line 45 in file startup_M05X.s
   Uses
      None
Comment: ADDR1 unused
ADDR2 00000008

Symbol: ADDR2
   Definitions
      At line 46 in file startup_M05X.s
   Uses
      None
Comment: ADDR2 unused
ADDR3 0000000C

Symbol: ADDR3
   Definitions
      At line 47 in file startup_M05X.s
   Uses
      None
Comment: ADDR3 unused
ADDR4 00000010

Symbol: ADDR4
   Definitions
      At line 48 in file startup_M05X.s
   Uses
      None
Comment: ADDR4 unused
ADDR5 00000014

Symbol: ADDR5
   Definitions
      At line 49 in file startup_M05X.s
   Uses
      None
Comment: ADDR5 unused
ADDR6 00000018

Symbol: ADDR6
   Definitions
      At line 50 in file startup_M05X.s
   Uses
      None
Comment: ADDR6 unused
ADDR7 0000001C

Symbol: ADDR7
   Definitions
      At line 51 in file startup_M05X.s
   Uses
      None
Comment: ADDR7 unused
ADSR 00000030



ARM Macro Assembler    Page 4 Alphabetic symbol ordering
Absolute symbols


Symbol: ADSR
   Definitions
      At line 56 in file startup_M05X.s
   Uses
      None
Comment: ADSR unused
AHBCLK 00000004

Symbol: AHBCLK
   Definitions
      At line 11 in file startup_M05X.s
   Uses
      None
Comment: AHBCLK unused
APBCLK 00000008

Symbol: APBCLK
   Definitions
      At line 12 in file startup_M05X.s
   Uses
      None
Comment: APBCLK unused
CLKDIV 00000018

Symbol: CLKDIV
   Definitions
      At line 15 in file startup_M05X.s
   Uses
      None
Comment: CLKDIV unused
CLKSEL0 00000010

Symbol: CLKSEL0
   Definitions
      At line 13 in file startup_M05X.s
   Uses
      None
Comment: CLKSEL0 unused
CLKSEL1 00000014

Symbol: CLKSEL1
   Definitions
      At line 14 in file startup_M05X.s
   Uses
      None
Comment: CLKSEL1 unused
CLK_BA_APBCLK 50000208

Symbol: CLK_BA_APBCLK
   Definitions
      At line 19 in file startup_M05X.s
   Uses
      None
Comment: CLK_BA_APBCLK unused
CLK_BA_base 50000200

Symbol: CLK_BA_base
   Definitions



ARM Macro Assembler    Page 5 Alphabetic symbol ordering
Absolute symbols

      At line 9 in file startup_M05X.s
   Uses
      None
Comment: CLK_BA_base unused
CMP1CR 00000000

Symbol: CMP1CR
   Definitions
      At line 38 in file startup_M05X.s
   Uses
      None
Comment: CMP1CR unused
CMP2CR 00000004

Symbol: CMP2CR
   Definitions
      At line 39 in file startup_M05X.s
   Uses
      None
Comment: CMP2CR unused
CMPSR 00000008

Symbol: CMPSR
   Definitions
      At line 40 in file startup_M05X.s
   Uses
      None
Comment: CMPSR unused
COMP_base 400D0000

Symbol: COMP_base
   Definitions
      At line 37 in file startup_M05X.s
   Uses
      None
Comment: COMP_base unused
COMP_enable 40000000

Symbol: COMP_enable
   Definitions
      At line 25 in file startup_M05X.s
   Uses
      None
Comment: COMP_enable unused
GCR_base 50000000

Symbol: GCR_base
   Definitions
      At line 147 in file startup_M05X.s
   Uses
      None
Comment: GCR_base unused
GPB_MFP 00000034

Symbol: GPB_MFP
   Definitions
      At line 148 in file startup_M05X.s
   Uses
      None



ARM Macro Assembler    Page 6 Alphabetic symbol ordering
Absolute symbols

Comment: GPB_MFP unused
GPIOB_DBEN 00000054

Symbol: GPIOB_DBEN
   Definitions
      At line 139 in file startup_M05X.s
   Uses
      None
Comment: GPIOB_DBEN unused
GPIOB_DMASK 0000004C

Symbol: GPIOB_DMASK
   Definitions
      At line 137 in file startup_M05X.s
   Uses
      None
Comment: GPIOB_DMASK unused
GPIOB_DOUT 00000048

Symbol: GPIOB_DOUT
   Definitions
      At line 136 in file startup_M05X.s
   Uses
      None
Comment: GPIOB_DOUT unused
GPIOB_IEN 0000005C

Symbol: GPIOB_IEN
   Definitions
      At line 141 in file startup_M05X.s
   Uses
      None
Comment: GPIOB_IEN unused
GPIOB_IMD 00000058

Symbol: GPIOB_IMD
   Definitions
      At line 140 in file startup_M05X.s
   Uses
      None
Comment: GPIOB_IMD unused
GPIOB_ISRC 00000060

Symbol: GPIOB_ISRC
   Definitions
      At line 142 in file startup_M05X.s
   Uses
      None
Comment: GPIOB_ISRC unused
GPIOB_OFFD 00000044

Symbol: GPIOB_OFFD
   Definitions
      At line 135 in file startup_M05X.s
   Uses
      None
Comment: GPIOB_OFFD unused
GPIOB_PIN 00000050




ARM Macro Assembler    Page 7 Alphabetic symbol ordering
Absolute symbols

Symbol: GPIOB_PIN
   Definitions
      At line 138 in file startup_M05X.s
   Uses
      None
Comment: GPIOB_PIN unused
GPIOB_PMD 00000040

Symbol: GPIOB_PMD
   Definitions
      At line 134 in file startup_M05X.s
   Uses
      None
Comment: GPIOB_PMD unused
GPIO_base 50004000

Symbol: GPIO_base
   Definitions
      At line 133 in file startup_M05X.s
   Uses
      None
Comment: GPIO_base unused
Heap_Size 00000000

Symbol: Heap_Size
   Definitions
      At line 173 in file startup_M05X.s
   Uses
      At line 177 in file startup_M05X.s
      At line 372 in file startup_M05X.s

INT_BA_base 50000300

Symbol: INT_BA_base
   Definitions
      At line 121 in file startup_M05X.s
   Uses
      None
Comment: INT_BA_base unused
PDMA_BA_GCR 50008F00

Symbol: PDMA_BA_GCR
   Definitions
      At line 79 in file startup_M05X.s
   Uses
      None
Comment: PDMA_BA_GCR unused
PDMA_BA_GCR_base 50008F00

Symbol: PDMA_BA_GCR_base
   Definitions
      At line 80 in file startup_M05X.s
   Uses
      None
Comment: PDMA_BA_GCR_base unused
PDMA_BA_ch0_base 50008000

Symbol: PDMA_BA_ch0_base
   Definitions



ARM Macro Assembler    Page 8 Alphabetic symbol ordering
Absolute symbols

      At line 70 in file startup_M05X.s
   Uses
      None
Comment: PDMA_BA_ch0_base unused
PDMA_BA_ch1_base 50008100

Symbol: PDMA_BA_ch1_base
   Definitions
      At line 71 in file startup_M05X.s
   Uses
      None
Comment: PDMA_BA_ch1_base unused
PDMA_BA_ch2_base 50008200

Symbol: PDMA_BA_ch2_base
   Definitions
      At line 72 in file startup_M05X.s
   Uses
      None
Comment: PDMA_BA_ch2_base unused
PDMA_BA_ch3_base 50008300

Symbol: PDMA_BA_ch3_base
   Definitions
      At line 73 in file startup_M05X.s
   Uses
      None
Comment: PDMA_BA_ch3_base unused
PDMA_BA_ch4_base 50008400

Symbol: PDMA_BA_ch4_base
   Definitions
      At line 74 in file startup_M05X.s
   Uses
      None
Comment: PDMA_BA_ch4_base unused
PDMA_BA_ch5_base 50008500

Symbol: PDMA_BA_ch5_base
   Definitions
      At line 75 in file startup_M05X.s
   Uses
      None
Comment: PDMA_BA_ch5_base unused
PDMA_BA_ch6_base 50008600

Symbol: PDMA_BA_ch6_base
   Definitions
      At line 76 in file startup_M05X.s
   Uses
      None
Comment: PDMA_BA_ch6_base unused
PDMA_BA_ch7_base 50008700

Symbol: PDMA_BA_ch7_base
   Definitions
      At line 77 in file startup_M05X.s
   Uses
      None



ARM Macro Assembler    Page 9 Alphabetic symbol ordering
Absolute symbols

Comment: PDMA_BA_ch7_base unused
PDMA_BCR 0000000C

Symbol: PDMA_BCR
   Definitions
      At line 93 in file startup_M05X.s
   Uses
      None
Comment: PDMA_BCR unused
PDMA_CBSR 0000001C

Symbol: PDMA_CBSR
   Definitions
      At line 96 in file startup_M05X.s
   Uses
      None
Comment: PDMA_CBSR unused
PDMA_CDAR 00000018

Symbol: PDMA_CDAR
   Definitions
      At line 95 in file startup_M05X.s
   Uses
      None
Comment: PDMA_CDAR unused
PDMA_CLK 50000204

Symbol: PDMA_CLK
   Definitions
      At line 27 in file startup_M05X.s
   Uses
      None
Comment: PDMA_CLK unused
PDMA_CSAR 00000014

Symbol: PDMA_CSAR
   Definitions
      At line 94 in file startup_M05X.s
   Uses
      None
Comment: PDMA_CSAR unused
PDMA_CSR 00000000

Symbol: PDMA_CSR
   Definitions
      At line 90 in file startup_M05X.s
   Uses
      None
Comment: PDMA_CSR unused
PDMA_CTCSR 00000028

Symbol: PDMA_CTCSR
   Definitions
      At line 99 in file startup_M05X.s
   Uses
      None
Comment: PDMA_CTCSR unused
PDMA_DAR 00000008




ARM Macro Assembler    Page 10 Alphabetic symbol ordering
Absolute symbols

Symbol: PDMA_DAR
   Definitions
      At line 92 in file startup_M05X.s
   Uses
      None
Comment: PDMA_DAR unused
PDMA_DASOCR 00000030

Symbol: PDMA_DASOCR
   Definitions
      At line 101 in file startup_M05X.s
   Uses
      None
Comment: PDMA_DASOCR unused
PDMA_GCRCSR 00000000

Symbol: PDMA_GCRCSR
   Definitions
      At line 82 in file startup_M05X.s
   Uses
      None
Comment: PDMA_GCRCSR unused
PDMA_GCRISR 0000000C

Symbol: PDMA_GCRISR
   Definitions
      At line 85 in file startup_M05X.s
   Uses
      None
Comment: PDMA_GCRISR unused
PDMA_GLOBAL_enable 0000FF00

Symbol: PDMA_GLOBAL_enable
   Definitions
      At line 87 in file startup_M05X.s
   Uses
      None
Comment: PDMA_GLOBAL_enable unused
PDMA_IER 00000020

Symbol: PDMA_IER
   Definitions
      At line 97 in file startup_M05X.s
   Uses
      None
Comment: PDMA_IER unused
PDMA_ISR 00000024

Symbol: PDMA_ISR
   Definitions
      At line 98 in file startup_M05X.s
   Uses
      None
Comment: PDMA_ISR unused
PDMA_PDSSR1 00000008

Symbol: PDMA_PDSSR1
   Definitions
      At line 84 in file startup_M05X.s



ARM Macro Assembler    Page 11 Alphabetic symbol ordering
Absolute symbols

   Uses
      None
Comment: PDMA_PDSSR1 unused
PDMA_PDSSR2 00000004

Symbol: PDMA_PDSSR2
   Definitions
      At line 83 in file startup_M05X.s
   Uses
      None
Comment: PDMA_PDSSR2 unused
PDMA_SAR 00000004

Symbol: PDMA_SAR
   Definitions
      At line 91 in file startup_M05X.s
   Uses
      None
Comment: PDMA_SAR unused
PDMA_SASOCR 0000002C

Symbol: PDMA_SASOCR
   Definitions
      At line 100 in file startup_M05X.s
   Uses
      None
Comment: PDMA_SASOCR unused
PDMA_SBUF0 00000080

Symbol: PDMA_SBUF0
   Definitions
      At line 102 in file startup_M05X.s
   Uses
      None
Comment: PDMA_SBUF0 unused
PDMA_SBUF1 00000084

Symbol: PDMA_SBUF1
   Definitions
      At line 103 in file startup_M05X.s
   Uses
      None
Comment: PDMA_SBUF1 unused
PDMA_SBUF2 00000088

Symbol: PDMA_SBUF2
   Definitions
      At line 104 in file startup_M05X.s
   Uses
      None
Comment: PDMA_SBUF2 unused
PDMA_SBUF3 0000008C

Symbol: PDMA_SBUF3
   Definitions
      At line 105 in file startup_M05X.s
   Uses
      None
Comment: PDMA_SBUF3 unused



ARM Macro Assembler    Page 12 Alphabetic symbol ordering
Absolute symbols

PDMA_enable 00000003

Symbol: PDMA_enable
   Definitions
      At line 28 in file startup_M05X.s
   Uses
      None
Comment: PDMA_enable unused
PLLCON 00000020

Symbol: PLLCON
   Definitions
      At line 16 in file startup_M05X.s
   Uses
      None
Comment: PLLCON unused
PWRCON 00000000

Symbol: PWRCON
   Definitions
      At line 10 in file startup_M05X.s
   Uses
      None
Comment: PWRCON unused
Stack_Size 00000400

Symbol: Stack_Size
   Definitions
      At line 162 in file startup_M05X.s
   Uses
      At line 165 in file startup_M05X.s
      At line 371 in file startup_M05X.s

TEST_S 00000030

Symbol: TEST_S
   Definitions
      At line 17 in file startup_M05X.s
   Uses
      None
Comment: TEST_S unused
VIC_EOSCR 00000130

Symbol: VIC_EOSCR
   Definitions
      At line 118 in file startup_M05X.s
   Uses
      None
Comment: VIC_EOSCR unused
VIC_MDCR 0000031C

Symbol: VIC_MDCR
   Definitions
      At line 117 in file startup_M05X.s
   Uses
      None
Comment: VIC_MDCR unused
VIC_MECR 00000318




ARM Macro Assembler    Page 13 Alphabetic symbol ordering
Absolute symbols

Symbol: VIC_MECR
   Definitions
      At line 116 in file startup_M05X.s
   Uses
      None
Comment: VIC_MECR unused
VIC_SCR15 0000003C

Symbol: VIC_SCR15
   Definitions
      At line 110 in file startup_M05X.s
   Uses
      None
Comment: VIC_SCR15 unused
VIC_SCR16 00000040

Symbol: VIC_SCR16
   Definitions
      At line 112 in file startup_M05X.s
   Uses
      None
Comment: VIC_SCR16 unused
VIC_SCR30 00000078

Symbol: VIC_SCR30
   Definitions
      At line 114 in file startup_M05X.s
   Uses
      None
Comment: VIC_SCR30 unused
VIC_SVR15 000000BC

Symbol: VIC_SVR15
   Definitions
      At line 111 in file startup_M05X.s
   Uses
      None
Comment: VIC_SVR15 unused
VIC_SVR16 000000C0

Symbol: VIC_SVR16
   Definitions
      At line 113 in file startup_M05X.s
   Uses
      None
Comment: VIC_SVR16 unused
VIC_SVR30 000000F8

Symbol: VIC_SVR30
   Definitions
      At line 115 in file startup_M05X.s
   Uses
      None
Comment: VIC_SVR30 unused
VIC_base FFFF0000

Symbol: VIC_base
   Definitions
      At line 109 in file startup_M05X.s



ARM Macro Assembler    Page 14 Alphabetic symbol ordering
Absolute symbols

   Uses
      None
Comment: VIC_base unused
pattern_00005555 00005555

Symbol: pattern_00005555
   Definitions
      At line 64 in file startup_M05X.s
   Uses
      None
Comment: pattern_00005555 unused
pattern_0000aaaa 0000AAAA

Symbol: pattern_0000aaaa
   Definitions
      At line 65 in file startup_M05X.s
   Uses
      None
Comment: pattern_0000aaaa unused
pattern_05550515 05550515

Symbol: pattern_05550515
   Definitions
      At line 66 in file startup_M05X.s
   Uses
      None
Comment: pattern_05550515 unused
pattern_0aaa0a2a 0AAA0A2A

Symbol: pattern_0aaa0a2a
   Definitions
      At line 67 in file startup_M05X.s
   Uses
      None
Comment: pattern_0aaa0a2a unused
pattern_55555555 55555555

Symbol: pattern_55555555
   Definitions
      At line 62 in file startup_M05X.s
   Uses
      None
Comment: pattern_55555555 unused
pattern_aaaaaaaa AAAAAAAA

Symbol: pattern_aaaaaaaa
   Definitions
      At line 63 in file startup_M05X.s
   Uses
      None
Comment: pattern_aaaaaaaa unused
102 symbols



ARM Macro Assembler    Page 1 Alphabetic symbol ordering
External symbols

__main 00000000

Symbol: __main
   Definitions
      At line 257 in file startup_M05X.s
   Uses
      At line 259 in file startup_M05X.s
Comment: __main used once
__use_two_region_memory 00000000

Symbol: __use_two_region_memory
   Definitions
      At line 366 in file startup_M05X.s
   Uses
      None
Comment: __use_two_region_memory unused
2 symbols
480 symbols in table
